Automated commit on Sun Feb  9 12:33:27 UTC 2025
Automated commit on Mon Feb 10 02:50:49 UTC 2025
Automated commit on Tue Feb 11 02:50:05 UTC 2025
Automated commit on Wed Feb 12 02:49:11 UTC 2025
Automated commit on Thu Feb 13 02:50:01 UTC 2025
Automated commit on Fri Feb 14 02:49:27 UTC 2025
Automated commit on Sat Feb 15 02:48:02 UTC 2025
Automated commit on Sun Feb 16 02:54:15 UTC 2025
Automated commit on Mon Feb 17 02:53:01 UTC 2025
Automated commit on Tue Feb 18 02:48:49 UTC 2025
Automated commit on Wed Feb 19 02:50:30 UTC 2025
Automated commit on Thu Feb 20 02:50:41 UTC 2025
Automated commit on Fri Feb 21 02:50:59 UTC 2025
Automated commit on Sat Feb 22 02:47:01 UTC 2025
Automated commit on Sun Feb 23 02:54:26 UTC 2025
Automated commit on Mon Feb 24 02:55:14 UTC 2025
Automated commit on Tue Feb 25 02:54:07 UTC 2025
Automated commit on Wed Feb 26 02:52:58 UTC 2025
Automated commit on Thu Feb 27 02:54:07 UTC 2025
Automated commit on Fri Feb 28 02:54:46 UTC 2025
Automated commit on Sat Mar  1 02:58:11 UTC 2025
Automated commit on Sun Mar  2 02:57:07 UTC 2025
Automated commit on Mon Mar  3 02:56:40 UTC 2025
Automated commit on Tue Mar  4 02:56:05 UTC 2025
Automated commit on Wed Mar  5 02:55:25 UTC 2025
Automated commit on Thu Mar  6 02:56:11 UTC 2025
Automated commit on Fri Mar  7 02:56:58 UTC 2025
Automated commit on Sat Mar  8 02:30:28 UTC 2025
Automated commit on Sun Mar  9 02:33:55 UTC 2025
Automated commit on Mon Mar 10 02:34:45 UTC 2025
Automated commit on Tue Mar 11 02:57:06 UTC 2025
Automated commit on Wed Mar 12 02:56:12 UTC 2025
Automated commit on Thu Mar 13 02:57:48 UTC 2025
Automated commit on Fri Mar 14 02:56:13 UTC 2025
Automated commit on Sat Mar 15 02:53:46 UTC 2025
Automated commit on Sun Mar 16 03:01:15 UTC 2025
Automated commit on Mon Mar 17 03:00:14 UTC 2025
Automated commit on Tue Mar 18 02:59:35 UTC 2025
Automated commit on Wed Mar 19 02:58:50 UTC 2025
Automated commit on Thu Mar 20 02:57:25 UTC 2025
Automated commit on Fri Mar 21 02:59:46 UTC 2025
Automated commit on Sat Mar 22 02:56:42 UTC 2025
Automated commit on Sun Mar 23 03:04:28 UTC 2025
Automated commit on Mon Mar 24 03:04:08 UTC 2025
Automated commit on Tue Mar 25 03:00:45 UTC 2025
Automated commit on Wed Mar 26 02:59:48 UTC 2025
Automated commit on Thu Mar 27 03:00:10 UTC 2025
Automated commit on Fri Mar 28 03:01:56 UTC 2025
Automated commit on Sat Mar 29 02:58:01 UTC 2025
Automated commit on Sun Mar 30 03:07:59 UTC 2025
Automated commit on Mon Mar 31 03:07:40 UTC 2025
Automated commit on Tue Apr  1 03:14:17 UTC 2025
Automated commit on Wed Apr  2 03:02:36 UTC 2025
Automated commit on Thu Apr  3 03:01:00 UTC 2025
Automated commit on Fri Apr  4 03:01:12 UTC 2025
Automated commit on Sat Apr  5 02:58:42 UTC 2025
Automated commit on Sun Apr  6 03:05:33 UTC 2025
